<?xml version="1.0" encoding="UTF-8"?>
<testsuite xmlns:xsi="http://www.w3.org/2001/XMLSchema-instance" xsi:noNamespaceSchemaLocation="https://maven.apache.org/surefire/maven-surefire-plugin/xsd/surefire-test-report-3.0.xsd" version="3.0" name="test.TestCalculadora" time="0.034" tests="4" errors="0" skipped="0" failures="0">
  <properties>
[...]
</properties>
  <testcase name="testGetDiferenca" classname="test.TestCalculadora" time="0.018"/>
  <testcase name="testGetQuociente" classname="test.TestCalculadora" time="0.001"/>
  <testcase name="testGetSoma" classname="test.TestCalculadora" time="0.001"/>
  <testcase name="testGetProduto" classname="test.TestCalculadora" time="0.001"/>
</testsuite>